<?xml version="1.0" encoding="UTF-8"?>
<!-- Generated by org.testng.reporters.JUnitXMLReporter -->
<testsuite hostname="DESKTOP-SNDT4RA" ignored="0" name="Command line test" tests="4" failures="0" timestamp="2022-06-05T16:52:38 IST" time="0.182" errors="0">
  <testcase name="testMethod1" time="0.004" classname="com.seleniumcli.TestClass1"/>
  <testcase name="testMethod2" time="0.002" classname="com.seleniumcli.TestClass1"/>
  <testcase name="testMethod1" time="0.0" classname="com.seleniumcli.TestClass2"/>
  <testcase name="testMethod2" time="0.001" classname="com.seleniumcli.TestClass2"/>
</testsuite> <!-- Command line test -->
