<?xml version="1.0" encoding="UTF-8"?>
<testng-results skipped="0" failed="0" ignored="0" total="4" passed="4">
  <reporter-output>
  </reporter-output>
  <suite name="Command line suite" duration-ms="182" started-at="2022-06-05T16:52:38 IST" finished-at="2022-06-05T16:52:38 IST">
    <groups>
    </groups>
    <test name="Command line test" duration-ms="182" started-at="2022-06-05T16:52:38 IST" finished-at="2022-06-05T16:52:38 IST">
      <class name="com.seleniumcli.TestClass1">
        <test-method status="PASS" signature="setUp()[pri:0, instance:com.seleniumcli.TestClass1@1e127982]" name="setUp" is-config="true" duration-ms="16" started-at="2022-06-05T16:52:38 IST" finished-at="2022-06-05T16:52:38 IST">
          <reporter-output>
          </reporter-output>
        </test-method> <!-- setUp -->
        <test-method status="PASS" signature="beforeMethod()[pri:0, instance:com.seleniumcli.TestClass1@1e127982]" name="beforeMethod" is-config="true" duration-ms="1" started-at="2022-06-05T16:52:38 IST" finished-at="2022-06-05T16:52:38 IST">
          <reporter-output>
          </reporter-output>
        </test-method> <!-- beforeMethod -->
        <test-method status="PASS" signature="setUp()[pri:0, instance:com.seleniumcli.TestClass1@1e127982]" name="setUp" is-config="true" duration-ms="3" started-at="2022-06-05T16:52:38 IST" finished-at="2022-06-05T16:52:38 IST">
          <reporter-output>
          </reporter-output>
        </test-method> <!-- setUp -->
        <test-method status="PASS" signature="testMethod1()[pri:0, instance:com.seleniumcli.TestClass1@1e127982]" name="testMethod1" duration-ms="4" started-at="2022-06-05T16:52:38 IST" finished-at="2022-06-05T16:52:38 IST">
          <reporter-output>
          </reporter-output>
        </test-method> <!-- testMethod1 -->
        <test-method status="PASS" signature="afterMethod()[pri:0, instance:com.seleniumcli.TestClass1@1e127982]" name="afterMethod" is-config="true" duration-ms="2" started-at="2022-06-05T16:52:38 IST" finished-at="2022-06-05T16:52:38 IST">
          <reporter-output>
          </reporter-output>
        </test-method> <!-- afterMethod -->
        <test-method status="PASS" signature="beforeMethod()[pri:0, instance:com.seleniumcli.TestClass1@1e127982]" name="beforeMethod" is-config="true" duration-ms="1" started-at="2022-06-05T16:52:38 IST" finished-at="2022-06-05T16:52:38 IST">
          <reporter-output>
          </reporter-output>
        </test-method> <!-- beforeMethod -->
        <test-method status="PASS" signature="setUp()[pri:0, instance:com.seleniumcli.TestClass1@1e127982]" name="setUp" is-config="true" duration-ms="3" started-at="2022-06-05T16:52:38 IST" finished-at="2022-06-05T16:52:38 IST">
          <reporter-output>
          </reporter-output>
        </test-method> <!-- setUp -->
        <test-method status="PASS" signature="testMethod2()[pri:0, instance:com.seleniumcli.TestClass1@1e127982]" name="testMethod2" duration-ms="2" started-at="2022-06-05T16:52:38 IST" finished-at="2022-06-05T16:52:38 IST">
          <reporter-output>
          </reporter-output>
        </test-method> <!-- testMethod2 -->
        <test-method status="PASS" signature="afterMethod()[pri:0, instance:com.seleniumcli.TestClass1@1e127982]" name="afterMethod" is-config="true" duration-ms="2" started-at="2022-06-05T16:52:38 IST" finished-at="2022-06-05T16:52:38 IST">
          <reporter-output>
          </reporter-output>
        </test-method> <!-- afterMethod -->
        <test-method status="PASS" signature="cleanUp()[pri:0, instance:com.seleniumcli.TestClass1@1e127982]" name="cleanUp" is-config="true" duration-ms="2" started-at="2022-06-05T16:52:38 IST" finished-at="2022-06-05T16:52:38 IST">
          <reporter-output>
          </reporter-output>
        </test-method> <!-- cleanUp -->
      </class> <!-- com.seleniumcli.TestClass1 -->
      <class name="com.seleniumcli.TestClass2">
        <test-method status="PASS" signature="setUp()[pri:0, instance:com.seleniumcli.TestClass2@71318ec4]" name="setUp" is-config="true" duration-ms="1" started-at="2022-06-05T16:52:38 IST" finished-at="2022-06-05T16:52:38 IST">
          <reporter-output>
          </reporter-output>
        </test-method> <!-- setUp -->
        <test-method status="PASS" signature="beforeMethod()[pri:0, instance:com.seleniumcli.TestClass2@71318ec4]" name="beforeMethod" is-config="true" duration-ms="1" started-at="2022-06-05T16:52:38 IST" finished-at="2022-06-05T16:52:38 IST">
          <reporter-output>
          </reporter-output>
        </test-method> <!-- beforeMethod -->
        <test-method status="PASS" signature="setUp()[pri:0, instance:com.seleniumcli.TestClass2@71318ec4]" name="setUp" is-config="true" duration-ms="0" started-at="2022-06-05T16:52:38 IST" finished-at="2022-06-05T16:52:38 IST">
          <reporter-output>
          </reporter-output>
        </test-method> <!-- setUp -->
        <test-method status="PASS" signature="testMethod1()[pri:0, instance:com.seleniumcli.TestClass2@71318ec4]" name="testMethod1" duration-ms="0" started-at="2022-06-05T16:52:38 IST" finished-at="2022-06-05T16:52:38 IST">
          <reporter-output>
          </reporter-output>
        </test-method> <!-- testMethod1 -->
        <test-method status="PASS" signature="afterMethod()[pri:0, instance:com.seleniumcli.TestClass2@71318ec4]" name="afterMethod" is-config="true" duration-ms="1" started-at="2022-06-05T16:52:38 IST" finished-at="2022-06-05T16:52:38 IST">
          <reporter-output>
          </reporter-output>
        </test-method> <!-- afterMethod -->
        <test-method status="PASS" signature="beforeMethod()[pri:0, instance:com.seleniumcli.TestClass2@71318ec4]" name="beforeMethod" is-config="true" duration-ms="1" started-at="2022-06-05T16:52:38 IST" finished-at="2022-06-05T16:52:38 IST">
          <reporter-output>
          </reporter-output>
        </test-method> <!-- beforeMethod -->
        <test-method status="PASS" signature="setUp()[pri:0, instance:com.seleniumcli.TestClass2@71318ec4]" name="setUp" is-config="true" duration-ms="0" started-at="2022-06-05T16:52:38 IST" finished-at="2022-06-05T16:52:38 IST">
          <reporter-output>
          </reporter-output>
        </test-method> <!-- setUp -->
        <test-method status="PASS" signature="testMethod2()[pri:0, instance:com.seleniumcli.TestClass2@71318ec4]" name="testMethod2" duration-ms="1" started-at="2022-06-05T16:52:38 IST" finished-at="2022-06-05T16:52:38 IST">
          <reporter-output>
          </reporter-output>
        </test-method> <!-- testMethod2 -->
        <test-method status="PASS" signature="afterMethod()[pri:0, instance:com.seleniumcli.TestClass2@71318ec4]" name="afterMethod" is-config="true" duration-ms="1" started-at="2022-06-05T16:52:38 IST" finished-at="2022-06-05T16:52:38 IST">
          <reporter-output>
          </reporter-output>
        </test-method> <!-- afterMethod -->
        <test-method status="PASS" signature="cleanUp()[pri:0, instance:com.seleniumcli.TestClass2@71318ec4]" name="cleanUp" is-config="true" duration-ms="1" started-at="2022-06-05T16:52:38 IST" finished-at="2022-06-05T16:52:38 IST">
          <reporter-output>
          </reporter-output>
        </test-method> <!-- cleanUp -->
      </class> <!-- com.seleniumcli.TestClass2 -->
    </test> <!-- Command line test -->
  </suite> <!-- Command line suite -->
</testng-results>
