<?xml version="1.0" encoding="UTF-8"?>
<!-- Generated by org.testng.reporters.JUnitXMLReporter -->
<testsuite hostname="DESKTOP-SNDT4RA" ignored="0" name="Application Test" tests="4" failures="0" timestamp="2022-06-05T16:28:34 IST" time="0.218" errors="0">
  <testcase name="testMethod1" time="0.016" classname="com.seleniumcli.TestClass1"/>
  <testcase name="testMethod2" time="0.0" classname="com.seleniumcli.TestClass1"/>
  <testcase name="testMethod1" time="0.0" classname="com.seleniumcli.TestClass2"/>
  <testcase name="testMethod2" time="0.0" classname="com.seleniumcli.TestClass2"/>
</testsuite> <!-- Application Test -->
