<?xml version="1.0" encoding="UTF-8"?>
<testng-results skipped="0" failed="0" ignored="0" total="4" passed="4">
  <reporter-output>
  </reporter-output>
  <suite name="Regression TestSuite" duration-ms="218" started-at="2022-06-05T16:28:34 IST" finished-at="2022-06-05T16:28:34 IST">
    <groups>
    </groups>
    <test name="Application Test" duration-ms="218" started-at="2022-06-05T16:28:34 IST" finished-at="2022-06-05T16:28:34 IST">
      <class name="com.seleniumcli.TestClass1">
        <test-method status="PASS" signature="setUp()[pri:0, instance:com.seleniumcli.TestClass1@2f943d71]" name="setUp" is-config="true" duration-ms="32" started-at="2022-06-05T16:28:34 IST" finished-at="2022-06-05T16:28:34 IST">
          <reporter-output>
          </reporter-output>
        </test-method> <!-- setUp -->
        <test-method status="PASS" signature="beforeMethod()[pri:0, instance:com.seleniumcli.TestClass1@2f943d71]" name="beforeMethod" is-config="true" duration-ms="0" started-at="2022-06-05T16:28:34 IST" finished-at="2022-06-05T16:28:34 IST">
          <reporter-output>
          </reporter-output>
        </test-method> <!-- beforeMethod -->
        <test-method status="PASS" signature="setUp()[pri:0, instance:com.seleniumcli.TestClass1@2f943d71]" name="setUp" is-config="true" duration-ms="0" started-at="2022-06-05T16:28:34 IST" finished-at="2022-06-05T16:28:34 IST">
          <reporter-output>
          </reporter-output>
        </test-method> <!-- setUp -->
        <test-method status="PASS" signature="testMethod1()[pri:0, instance:com.seleniumcli.TestClass1@2f943d71]" name="testMethod1" duration-ms="16" started-at="2022-06-05T16:28:34 IST" finished-at="2022-06-05T16:28:34 IST">
          <reporter-output>
          </reporter-output>
        </test-method> <!-- testMethod1 -->
        <test-method status="PASS" signature="afterMethod()[pri:0, instance:com.seleniumcli.TestClass1@2f943d71]" name="afterMethod" is-config="true" duration-ms="16" started-at="2022-06-05T16:28:34 IST" finished-at="2022-06-05T16:28:34 IST">
          <reporter-output>
          </reporter-output>
        </test-method> <!-- afterMethod -->
        <test-method status="PASS" signature="afterMethod()[pri:0, instance:com.seleniumcli.TestClass1@2f943d71]" name="afterMethod" is-config="true" duration-ms="15" started-at="2022-06-05T16:28:34 IST" finished-at="2022-06-05T16:28:34 IST">
          <reporter-output>
          </reporter-output>
        </test-method> <!-- afterMethod -->
        <test-method status="PASS" signature="testMethod2()[pri:0, instance:com.seleniumcli.TestClass1@2f943d71]" name="testMethod2" duration-ms="0" started-at="2022-06-05T16:28:34 IST" finished-at="2022-06-05T16:28:34 IST">
          <reporter-output>
          </reporter-output>
        </test-method> <!-- testMethod2 -->
        <test-method status="PASS" signature="setUp()[pri:0, instance:com.seleniumcli.TestClass1@2f943d71]" name="setUp" is-config="true" duration-ms="0" started-at="2022-06-05T16:28:34 IST" finished-at="2022-06-05T16:28:34 IST">
          <reporter-output>
          </reporter-output>
        </test-method> <!-- setUp -->
        <test-method status="PASS" signature="beforeMethod()[pri:0, instance:com.seleniumcli.TestClass1@2f943d71]" name="beforeMethod" is-config="true" duration-ms="0" started-at="2022-06-05T16:28:34 IST" finished-at="2022-06-05T16:28:34 IST">
          <reporter-output>
          </reporter-output>
        </test-method> <!-- beforeMethod -->
        <test-method status="PASS" signature="cleanUp()[pri:0, instance:com.seleniumcli.TestClass1@2f943d71]" name="cleanUp" is-config="true" duration-ms="0" started-at="2022-06-05T16:28:34 IST" finished-at="2022-06-05T16:28:34 IST">
          <reporter-output>
          </reporter-output>
        </test-method> <!-- cleanUp -->
      </class> <!-- com.seleniumcli.TestClass1 -->
      <class name="com.seleniumcli.TestClass2">
        <test-method status="PASS" signature="beforeMethod()[pri:0, instance:com.seleniumcli.TestClass2@7d70d1b1]" name="beforeMethod" is-config="true" duration-ms="0" started-at="2022-06-05T16:28:34 IST" finished-at="2022-06-05T16:28:34 IST">
          <reporter-output>
          </reporter-output>
        </test-method> <!-- beforeMethod -->
        <test-method status="PASS" signature="setUp()[pri:0, instance:com.seleniumcli.TestClass2@7d70d1b1]" name="setUp" is-config="true" duration-ms="0" started-at="2022-06-05T16:28:34 IST" finished-at="2022-06-05T16:28:34 IST">
          <reporter-output>
          </reporter-output>
        </test-method> <!-- setUp -->
        <test-method status="PASS" signature="setUp()[pri:0, instance:com.seleniumcli.TestClass2@7d70d1b1]" name="setUp" is-config="true" duration-ms="0" started-at="2022-06-05T16:28:34 IST" finished-at="2022-06-05T16:28:34 IST">
          <reporter-output>
          </reporter-output>
        </test-method> <!-- setUp -->
        <test-method status="PASS" signature="cleanUp()[pri:0, instance:com.seleniumcli.TestClass2@7d70d1b1]" name="cleanUp" is-config="true" duration-ms="0" started-at="2022-06-05T16:28:34 IST" finished-at="2022-06-05T16:28:34 IST">
          <reporter-output>
          </reporter-output>
        </test-method> <!-- cleanUp -->
        <test-method status="PASS" signature="afterMethod()[pri:0, instance:com.seleniumcli.TestClass2@7d70d1b1]" name="afterMethod" is-config="true" duration-ms="0" started-at="2022-06-05T16:28:34 IST" finished-at="2022-06-05T16:28:34 IST">
          <reporter-output>
          </reporter-output>
        </test-method> <!-- afterMethod -->
        <test-method status="PASS" signature="setUp()[pri:0, instance:com.seleniumcli.TestClass2@7d70d1b1]" name="setUp" is-config="true" duration-ms="0" started-at="2022-06-05T16:28:34 IST" finished-at="2022-06-05T16:28:34 IST">
          <reporter-output>
          </reporter-output>
        </test-method> <!-- setUp -->
        <test-method status="PASS" signature="afterMethod()[pri:0, instance:com.seleniumcli.TestClass2@7d70d1b1]" name="afterMethod" is-config="true" duration-ms="0" started-at="2022-06-05T16:28:34 IST" finished-at="2022-06-05T16:28:34 IST">
          <reporter-output>
          </reporter-output>
        </test-method> <!-- afterMethod -->
        <test-method status="PASS" signature="testMethod2()[pri:0, instance:com.seleniumcli.TestClass2@7d70d1b1]" name="testMethod2" duration-ms="0" started-at="2022-06-05T16:28:34 IST" finished-at="2022-06-05T16:28:34 IST">
          <reporter-output>
          </reporter-output>
        </test-method> <!-- testMethod2 -->
        <test-method status="PASS" signature="testMethod1()[pri:0, instance:com.seleniumcli.TestClass2@7d70d1b1]" name="testMethod1" duration-ms="0" started-at="2022-06-05T16:28:34 IST" finished-at="2022-06-05T16:28:34 IST">
          <reporter-output>
          </reporter-output>
        </test-method> <!-- testMethod1 -->
        <test-method status="PASS" signature="beforeMethod()[pri:0, instance:com.seleniumcli.TestClass2@7d70d1b1]" name="beforeMethod" is-config="true" duration-ms="0" started-at="2022-06-05T16:28:34 IST" finished-at="2022-06-05T16:28:34 IST">
          <reporter-output>
          </reporter-output>
        </test-method> <!-- beforeMethod -->
      </class> <!-- com.seleniumcli.TestClass2 -->
    </test> <!-- Application Test -->
  </suite> <!-- Regression TestSuite -->
</testng-results>
